Copyright 1986-2015 Xilinx, Inc. All Rights Reserved.
-------------------------------------------------------------------------------------------------
| Tool Version : Vivado v.2015.1 (lin64) Build 1215546 Mon Apr 27 19:07:21 MDT 2015
| Date         : Sun May 17 01:43:31 2015
| Host         : MY-Ubuntu running 64-bit Ubuntu 14.04.2 LTS
| Command      : report_utilization -file ./Tutorial_Created_Data/bft_output/post_route_util.rpt
| Design       : bft
| Device       : xc7k70t
| Design State : Routed
-------------------------------------------------------------------------------------------------

Utilization Design Information

Table of Contents
-----------------
1. Slice Logic
1.1 Summary of Registers by Type
2. Slice Logic Distribution
3. Memory
4. DSP
5. IO and GT Specific
6. Clocking
7. Specific Feature
8. Primitives
9. Black Boxes
10. Instantiated Netlists

1. Slice Logic
--------------

+-------------------------+------+-------+-----------+-------+
|        Site Type        | Used | Fixed | Available | Util% |
+-------------------------+------+-------+-----------+-------+
| Slice LUTs              | 1735 |     0 |     41000 |  4.23 |
|   LUT as Logic          | 1735 |     0 |     41000 |  4.23 |
|   LUT as Memory         |    0 |     0 |     13400 |  0.00 |
| Slice Registers         | 1530 |     0 |     82000 |  1.87 |
|   Register as Flip Flop | 1530 |     0 |     82000 |  1.87 |
|   Register as Latch     |    0 |     0 |     82000 |  0.00 |
| F7 Muxes                |    0 |     0 |     20500 |  0.00 |
| F8 Muxes                |    0 |     0 |     10250 |  0.00 |
+-------------------------+------+-------+-----------+-------+


1.1 Summary of Registers by Type
--------------------------------

+-------+--------------+-------------+--------------+
| Total | Clock Enable | Synchronous | Asynchronous |
+-------+--------------+-------------+--------------+
| 0     |            _ |           - |            - |
| 0     |            _ |           - |          Set |
| 0     |            _ |           - |        Reset |
| 0     |            _ |         Set |            - |
| 0     |            _ |       Reset |            - |
| 0     |          Yes |           - |            - |
| 176   |          Yes |           - |          Set |
| 1296  |          Yes |           - |        Reset |
| 0     |          Yes |         Set |            - |
| 58    |          Yes |       Reset |            - |
+-------+--------------+-------------+--------------+


2. Slice Logic Distribution
---------------------------

+-------------------------------------------------------------+-----------+-------+-----------+-------+
|                          Site Type                          |    Used   | Fixed | Available | Util% |
+-------------------------------------------------------------+-----------+-------+-----------+-------+
| Slice                                                       |       643 |     0 |     10250 |  6.27 |
|   SLICEL                                                    |       322 |     0 |           |       |
|   SLICEM                                                    |       321 |     0 |           |       |
| LUT as Logic                                                |      1735 |     0 |     41000 |  4.23 |
|   using O5 output only                                      |         0 |       |           |       |
|   using O6 output only                                      |      1400 |       |           |       |
|   using O5 and O6                                           |       335 |       |           |       |
| LUT as Memory                                               |         0 |     0 |     13400 |  0.00 |
|   LUT as Distributed RAM                                    |         0 |     0 |           |       |
|   LUT as Shift Register                                     |         0 |     0 |           |       |
| LUT Flip Flop Pairs                                         |      2159 |     0 |     41000 |  5.27 |
|   fully used LUT-FF pairs                                   |       627 |       |           |       |
|   LUT-FF pairs with unused LUT                              |       424 |       |           |       |
|   LUT-FF pairs with unused Flip Flop                        |      1108 |       |           |       |
| Unique Control Sets                                         |        37 |       |           |       |
| Minimum number of registers lost to control set restriction | 110(Lost) |       |           |       |
+-------------------------------------------------------------+-----------+-------+-----------+-------+


3. Memory
---------

+-------------------+------+-------+-----------+-------+
|     Site Type     | Used | Fixed | Available | Util% |
+-------------------+------+-------+-----------+-------+
| Block RAM Tile    |   16 |     0 |       135 | 11.85 |
|   RAMB36/FIFO*    |   16 |     0 |       135 | 11.85 |
|     RAMB36E1 only |   16 |       |           |       |
|   RAMB18          |    0 |     0 |       270 |  0.00 |
+-------------------+------+-------+-----------+-------+
* Note: Each Block RAM Tile only has one FIFO logic available and therefore can accommodate only one FIFO36E1 or one FIFO18E1. However, if a FIFO18E1 occupies a Block RAM Tile, that tile can still accommodate a RAMB18E1


4. DSP
------

+----------------+------+-------+-----------+-------+
|    Site Type   | Used | Fixed | Available | Util% |
+----------------+------+-------+-----------+-------+
| DSPs           |   96 |     0 |       240 | 40.00 |
|   DSP48E1 only |   96 |       |           |       |
+----------------+------+-------+-----------+-------+


5. IO and GT Specific
---------------------

+-----------------------------+------+-------+-----------+-------+
|          Site Type          | Used | Fixed | Available | Util% |
+-----------------------------+------+-------+-----------+-------+
| Bonded IOB                  |   71 |    71 |       285 | 24.91 |
|   IOB Master Pads           |   34 |       |           |       |
|   IOB Slave Pads            |   34 |       |           |       |
| Bonded IPADs                |    0 |     0 |        14 |  0.00 |
| Bonded OPADs                |    0 |     0 |         8 |  0.00 |
| PHY_CONTROL                 |    0 |     0 |         6 |  0.00 |
| PHASER_REF                  |    0 |     0 |         6 |  0.00 |
| OUT_FIFO                    |    0 |     0 |        24 |  0.00 |
| IN_FIFO                     |    0 |     0 |        24 |  0.00 |
| IDELAYCTRL                  |    0 |     0 |         6 |  0.00 |
| IBUFGDS                     |    0 |     0 |       275 |  0.00 |
| GTXE2_COMMON                |    0 |     0 |         1 |  0.00 |
| GTXE2_CHANNEL               |    0 |     0 |         4 |  0.00 |
| PHASER_OUT/PHASER_OUT_PHY   |    0 |     0 |        24 |  0.00 |
| PHASER_IN/PHASER_IN_PHY     |    0 |     0 |        24 |  0.00 |
| IDELAYE2/IDELAYE2_FINEDELAY |    0 |     0 |       300 |  0.00 |
| ODELAYE2/ODELAYE2_FINEDELAY |    0 |     0 |       100 |  0.00 |
| IBUFDS_GTE2                 |    0 |     0 |         4 |  0.00 |
| ILOGIC                      |    0 |     0 |       285 |  0.00 |
| OLOGIC                      |    0 |     0 |       285 |  0.00 |
+-----------------------------+------+-------+-----------+-------+


6. Clocking
-----------

+------------+------+-------+-----------+-------+
|  Site Type | Used | Fixed | Available | Util% |
+------------+------+-------+-----------+-------+
| BUFGCTRL   |    2 |     0 |        32 |  6.25 |
| BUFIO      |    0 |     0 |        24 |  0.00 |
| MMCME2_ADV |    0 |     0 |         6 |  0.00 |
| PLLE2_ADV  |    0 |     0 |         6 |  0.00 |
| BUFMRCE    |    0 |     0 |        12 |  0.00 |
| BUFHCE     |    0 |     0 |        96 |  0.00 |
| BUFR       |    0 |     0 |        24 |  0.00 |
+------------+------+-------+-----------+-------+


7. Specific Feature
-------------------

+-------------+------+-------+-----------+-------+
|  Site Type  | Used | Fixed | Available | Util% |
+-------------+------+-------+-----------+-------+
| BSCANE2     |    0 |     0 |         4 |  0.00 |
| CAPTUREE2   |    0 |     0 |         1 |  0.00 |
| DNA_PORT    |    0 |     0 |         1 |  0.00 |
| EFUSE_USR   |    0 |     0 |         1 |  0.00 |
| FRAME_ECCE2 |    0 |     0 |         1 |  0.00 |
| ICAPE2      |    0 |     0 |         2 |  0.00 |
| PCIE_2_1    |    0 |     0 |         1 |  0.00 |
| STARTUPE2   |    0 |     0 |         1 |  0.00 |
| XADC        |    0 |     0 |         1 |  0.00 |
+-------------+------+-------+-----------+-------+


8. Primitives
-------------

+----------+------+---------------------+
| Ref Name | Used | Functional Category |
+----------+------+---------------------+
| LUT2     | 1449 |                 LUT |
| FDCE     | 1296 |        Flop & Latch |
| LUT6     |  307 |                 LUT |
| FDPE     |  176 |        Flop & Latch |
| LUT4     |  107 |                 LUT |
| DSP48E1  |   96 |    Block Arithmetic |
| LUT3     |   86 |                 LUT |
| LUT5     |   72 |                 LUT |
| FDRE     |   58 |        Flop & Latch |
| LUT1     |   49 |                 LUT |
| CARRY4   |   48 |          CarryLogic |
| IBUF     |   37 |                  IO |
| OBUF     |   34 |                  IO |
| RAMB36E1 |   16 |        Block Memory |
| BUFG     |    2 |               Clock |
+----------+------+---------------------+


9. Black Boxes
--------------

+----------+------+
| Ref Name | Used |
+----------+------+


10. Instantiated Netlists
-------------------------

+----------+------+
| Ref Name | Used |
+----------+------+


